2025-07-19 01:28:26 | INFO     | trader:__init__:9 - Binance Futures client initialized.
2025-07-19 01:29:23 | INFO     | trader:__init__:9 - Binance Futures client initialized.
2025-07-19 01:49:57 | INFO     | trader:__init__:9 - Binance Futures client initialized.
2025-07-19 03:30:23 | INFO     | trader:__init__:9 - Binance Futures client initialized.
2025-07-19 03:42:11 | INFO     | __main__:main:14 - LET THE OBAMANATOR COOK...
2025-07-19 03:42:13 | INFO     | src.trader:__init__:9 - Binance Futures client initialized.
2025-07-19 03:42:13 | INFO     | __main__:<module>:175 - Bot stopped by user
2025-07-19 03:56:18 | INFO     | __main__:main:14 - LET THE OBAMANATOR COOK...
2025-07-19 03:56:19 | INFO     | src.trader:__init__:9 - Binance Futures client initialized.
2025-07-19 03:56:21 | INFO     | __main__:main:20 - 526 trading pairs fetched
2025-07-19 03:56:21 | INFO     | __main__:main:21 - Looking for trades...
2025-07-19 03:56:21 | INFO     | __main__:<module>:140 - Bot stopped by user
2025-07-19 03:56:45 | INFO     | __main__:main:15 - LET THE OBAMANATOR COOK...
2025-07-19 03:56:46 | INFO     | src.trader:__init__:9 - Binance Futures client initialized.
2025-07-19 03:56:48 | INFO     | __main__:main:21 - 526 trading pairs fetched
2025-07-19 03:56:48 | INFO     | __main__:main:22 - Looking for trades...
2025-07-19 03:56:48 | INFO     | __main__:<module>:141 - Bot stopped by user
2025-07-19 04:01:28 | INFO     | __main__:main:15 - LET THE OBAMANATOR COOK...
2025-07-19 04:01:29 | INFO     | __main__:<module>:141 - Bot stopped by user
2025-07-19 04:03:02 | INFO     | __main__:main:15 - LET THE OBAMANATOR COOK...
2025-07-19 04:03:06 | INFO     | __main__:main:15 - LET THE OBAMANATOR COOK...
2025-07-19 04:03:08 | INFO     | __main__:<module>:142 - Bot stopped by user
2025-07-19 04:04:22 | INFO     | __main__:main:15 - LET THE OBAMANATOR COOK...
2025-07-19 04:04:24 | INFO     | __main__:<module>:142 - Bot stopped by user
2025-07-19 04:05:28 | INFO     | __main__:main:15 - LET THE OBAMANATOR COOK...
2025-07-19 04:05:30 | INFO     | __main__:<module>:142 - Bot stopped by user
2025-07-19 04:06:43 | INFO     | __main__:main:15 - LET THE OBAMANATOR COOK...
2025-07-19 04:06:45 | INFO     | __main__:<module>:142 - Bot stopped by user
2025-07-19 04:07:41 | INFO     | __main__:main:15 - LET THE OBAMANATOR COOK...
2025-07-19 04:07:43 | INFO     | __main__:<module>:142 - Bot stopped by user
2025-07-19 16:10:10 | INFO     | trader:__init__:9 - Binance Futures client initialized.
2025-07-19 16:10:25 | INFO     | trader:__init__:9 - Binance Futures client initialized.
2025-07-19 20:05:10 | INFO     | trader:__init__:9 - Binance Futures client initialized.
